<?xml version="1.0" encoding="UTF-8" ?>
<testsuite tests="64" failures="0" name="com.rockpaperscissors.delegate.RockPaperScissorsDelegateImplTest" time="1.076" errors="0" skipped="0">
  <properties>
[...]
</properties>
  <testcase classname="com.rockpaperscissors.delegate.RockPaperScissorsDelegateImplTest" name="fullRoundPaperVsPaper" time="0.806"/>
  <testcase classname="com.rockpaperscissors.delegate.RockPaperScissorsDelegateImplTest" name="playGameScissorsVsScissors" time="0.012"/>
  <testcase classname="com.rockpaperscissors.delegate.RockPaperScissorsDelegateImplTest" name="randomWithZeroDotFour" time="0.019"/>
  <testcase classname="com.rockpaperscissors.delegate.RockPaperScissorsDelegateImplTest" name="randomWithZeroDotNine" time="0.006"/>
  <testcase classname="com.rockpaperscissors.delegate.RockPaperScissorsDelegateImplTest" name="getMovementFromMoreThanTwo" time="0.018"/>
  <testcase classname="com.rockpaperscissors.delegate.RockPaperScissorsDelegateImplTest" name="fullRoundRockVsScissors" time="0.01"/>
  <testcase classname="com.rockpaperscissors.delegate.RockPaperScissorsDelegateImplTest" name="fullRoundRockVsRock" time="0.007"/>
  <testcase classname="com.rockpaperscissors.delegate.RockPaperScissorsDelegateImplTest" name="playGamePaperVsPaper" time="0.004"/>
  <testcase classname="com.rockpaperscissors.delegate.RockPaperScissorsDelegateImplTest" name="fullRoundWithNotValidValueAgain" time="0.004"/>
  <testcase classname="com.rockpaperscissors.delegate.RockPaperScissorsDelegateImplTest" name="createPlayerWithScissors" time="0.003"/>
  <testcase classname="com.rockpaperscissors.delegate.RockPaperScissorsDelegateImplTest" name="createPlayerWithNull" time="0.006"/>
  <testcase classname="com.rockpaperscissors.delegate.RockPaperScissorsDelegateImplTest" name="createPlayerWithRock" time="0.004"/>
  <testcase classname="com.rockpaperscissors.delegate.RockPaperScissorsDelegateImplTest" name="fullRoundWithNotValidValue" time="0.002"/>
  <testcase classname="com.rockpaperscissors.delegate.RockPaperScissorsDelegateImplTest" name="testNotValidRequest" time="0.002"/>
  <testcase classname="com.rockpaperscissors.delegate.RockPaperScissorsDelegateImplTest" name="fullRoundEmptyVsEmpty" time="0.005"/>
  <testcase classname="com.rockpaperscissors.delegate.RockPaperScissorsDelegateImplTest" name="randomWithZeroDotEigth" time="0.003"/>
  <testcase classname="com.rockpaperscissors.delegate.RockPaperScissorsDelegateImplTest" name="randomWithZeroDotSeven" time="0.007"/>
  <testcase classname="com.rockpaperscissors.delegate.RockPaperScissorsDelegateImplTest" name="randomWithZeroDotThree" time="0.004"/>
  <testcase classname="com.rockpaperscissors.delegate.RockPaperScissorsDelegateImplTest" name="randomWithZeroDotOne" time="0.002"/>
  <testcase classname="com.rockpaperscissors.delegate.RockPaperScissorsDelegateImplTest" name="randomWithZeroDotSix" time="0.003"/>
  <testcase classname="com.rockpaperscissors.delegate.RockPaperScissorsDelegateImplTest" name="randomWithZeroDotTwo" time="0.003"/>
  <testcase classname="com.rockpaperscissors.delegate.RockPaperScissorsDelegateImplTest" name="getMovementFromZero" time="0.002"/>
  <testcase classname="com.rockpaperscissors.delegate.RockPaperScissorsDelegateImplTest" name="createPlayerWithPaper" time="0.003"/>
  <testcase classname="com.rockpaperscissors.delegate.RockPaperScissorsDelegateImplTest" name="calculateWinnerAlgorithmScissorsVsRock" time="0.006"/>
  <testcase classname="com.rockpaperscissors.delegate.RockPaperScissorsDelegateImplTest" name="randomGivesOne" time="0.003"/>
  <testcase classname="com.rockpaperscissors.delegate.RockPaperScissorsDelegateImplTest" name="randomGivesTwo" time="0.002"/>
  <testcase classname="com.rockpaperscissors.delegate.RockPaperScissorsDelegateImplTest" name="getMovementFromStringError" time="0.002"/>
  <testcase classname="com.rockpaperscissors.delegate.RockPaperScissorsDelegateImplTest" name="getMovementFromStringPaper" time="0.002"/>
  <testcase classname="com.rockpaperscissors.delegate.RockPaperScissorsDelegateImplTest" name="scissorsIsMovement" time="0.003"/>
  <testcase classname="com.rockpaperscissors.delegate.RockPaperScissorsDelegateImplTest" name="paperIsMovement" time="0.003"/>
  <testcase classname="com.rockpaperscissors.delegate.RockPaperScissorsDelegateImplTest" name="createPlayerWithRandom" time="0.002"/>
  <testcase classname="com.rockpaperscissors.delegate.RockPaperScissorsDelegateImplTest" name="getMovementFromOne" time="0.002"/>
  <testcase classname="com.rockpaperscissors.delegate.RockPaperScissorsDelegateImplTest" name="getMovementFromTwo" time="0.003"/>
  <testcase classname="com.rockpaperscissors.delegate.RockPaperScissorsDelegateImplTest" name="playGameScissorsVsRock" time="0.003"/>
  <testcase classname="com.rockpaperscissors.delegate.RockPaperScissorsDelegateImplTest" name="nullIsNotMovement" time="0.003"/>
  <testcase classname="com.rockpaperscissors.delegate.RockPaperScissorsDelegateImplTest" name="getMovementFromStringScissors" time="0.003"/>
  <testcase classname="com.rockpaperscissors.delegate.RockPaperScissorsDelegateImplTest" name="isCorrectReturnsFalse" time="0.003"/>
  <testcase classname="com.rockpaperscissors.delegate.RockPaperScissorsDelegateImplTest" name="calculateWinnerAlgorithmRockVsPaper" time="0.003"/>
  <testcase classname="com.rockpaperscissors.delegate.RockPaperScissorsDelegateImplTest" name="fullRoundScissorsVsScissors" time="0.003"/>
  <testcase classname="com.rockpaperscissors.delegate.RockPaperScissorsDelegateImplTest" name="getMovementFromStringRock" time="0.004"/>
  <testcase classname="com.rockpaperscissors.delegate.RockPaperScissorsDelegateImplTest" name="testNotValidRequestThird" time="0.002"/>
  <testcase classname="com.rockpaperscissors.delegate.RockPaperScissorsDelegateImplTest" name="fullRoundNullVsNull" time="0.003"/>
  <testcase classname="com.rockpaperscissors.delegate.RockPaperScissorsDelegateImplTest" name="fullRoundRockVsPaper" time="0.003"/>
  <testcase classname="com.rockpaperscissors.delegate.RockPaperScissorsDelegateImplTest" name="randomWithZeroDotSixtynine" time="0.002"/>
  <testcase classname="com.rockpaperscissors.delegate.RockPaperScissorsDelegateImplTest" name="playGameRockVsPaper" time="0.003"/>
  <testcase classname="com.rockpaperscissors.delegate.RockPaperScissorsDelegateImplTest" name="calculateWinnerAlgorithmRockVsScissors" time="0.003"/>
  <testcase classname="com.rockpaperscissors.delegate.RockPaperScissorsDelegateImplTest" name="playGameScissorsVsPaper" time="0.003"/>
  <testcase classname="com.rockpaperscissors.delegate.RockPaperScissorsDelegateImplTest" name="isCorrectReturnsTrue" time="0.003"/>
  <testcase classname="com.rockpaperscissors.delegate.RockPaperScissorsDelegateImplTest" name="randomWithZeroDotThirtyone" time="0.002"/>
  <testcase classname="com.rockpaperscissors.delegate.RockPaperScissorsDelegateImplTest" name="calculateWinnerAlgorithmPaperVsRock" time="0.001"/>
  <testcase classname="com.rockpaperscissors.delegate.RockPaperScissorsDelegateImplTest" name="fullRoundScissorsVsPaper" time="0.004"/>
  <testcase classname="com.rockpaperscissors.delegate.RockPaperScissorsDelegateImplTest" name="playGamePaperVsScissors" time="0.003"/>
  <testcase classname="com.rockpaperscissors.delegate.RockPaperScissorsDelegateImplTest" name="playGameRockVsScissors" time="0.003"/>
  <testcase classname="com.rockpaperscissors.delegate.RockPaperScissorsDelegateImplTest" name="fullRoundScissorsVsRock" time="0.003"/>
  <testcase classname="com.rockpaperscissors.delegate.RockPaperScissorsDelegateImplTest" name="calculateWinnerAlgorithmScissorsVsPaper" time="0.003"/>
  <testcase classname="com.rockpaperscissors.delegate.RockPaperScissorsDelegateImplTest" name="fullRoundPaperVsScissors" time="0.003"/>
  <testcase classname="com.rockpaperscissors.delegate.RockPaperScissorsDelegateImplTest" name="fullRoundPaperVsRock" time="0.001"/>
  <testcase classname="com.rockpaperscissors.delegate.RockPaperScissorsDelegateImplTest" name="playGamePaperVsRock" time="0.002"/>
  <testcase classname="com.rockpaperscissors.delegate.RockPaperScissorsDelegateImplTest" name="calculateWinnerAlgorithmPaperVsScissors" time="0.003"/>
  <testcase classname="com.rockpaperscissors.delegate.RockPaperScissorsDelegateImplTest" name="testNotValidRequestFourth" time="0.004"/>
  <testcase classname="com.rockpaperscissors.delegate.RockPaperScissorsDelegateImplTest" name="playGameRockVsRock" time="0.01"/>
  <testcase classname="com.rockpaperscissors.delegate.RockPaperScissorsDelegateImplTest" name="testNotValidRequestSecond" time="0.014"/>
  <testcase classname="com.rockpaperscissors.delegate.RockPaperScissorsDelegateImplTest" name="rockIsMovement" time="0.003"/>
  <testcase classname="com.rockpaperscissors.delegate.RockPaperScissorsDelegateImplTest" name="randomGivesZero" time="0.01"/>
</testsuite>